mixfrontend/app/build/intermediates/manifest_merge_blame_file/debug/manifest-merger-blame-debug-report.txt
1<?xml version="1.0" encoding="utf-8"?>
2<manifest xmlns:android="http://schemas.android.com/apk/res/android"
3    package="io.grpc.helloworldexample"
4    android:versionCode="1"
5    android:versionName="1.0" >
6
7    <uses-sdk
8        android:minSdkVersion="16"
8-->src/main/AndroidManifest.xml
9        android:targetSdkVersion="29" />
9-->src/main/AndroidManifest.xml
10
11    <uses-permission android:name="android.permission.INTERNET" />
11-->src/main/AndroidManifest.xml:5:5-67
11-->src/main/AndroidManifest.xml:5:22-64
12
13    <application
13-->src/main/AndroidManifest.xml:7:5-21:19
14        android:allowBackup="false"
14-->src/main/AndroidManifest.xml:8:9-36
15        android:appComponentFactory="androidx.core.app.CoreComponentFactory"
15-->[androidx.core:core:1.3.0] AndroidManifest.xml:24:18-86
16        android:debuggable="true"
17        android:icon="@mipmap/ic_launcher"
17-->src/main/AndroidManifest.xml:9:9-43
18        android:label="@string/app_name"
18-->src/main/AndroidManifest.xml:10:9-41
19        android:testOnly="true"
20        android:theme="@style/Base.V7.Theme.AppCompat.Light" >
20-->src/main/AndroidManifest.xml:11:9-61
21        <activity
21-->src/main/AndroidManifest.xml:12:9-19:20
22            android:name="io.grpc.helloworldexample.HelloworldActivity"
22-->src/main/AndroidManifest.xml:13:13-47
23            android:label="@string/app_name" >
23-->src/main/AndroidManifest.xml:14:13-45
24            <intent-filter>
24-->src/main/AndroidManifest.xml:15:13-18:29
25                <action android:name="android.intent.action.MAIN" />
25-->src/main/AndroidManifest.xml:16:17-69
25-->src/main/AndroidManifest.xml:16:25-66
26
27                <category android:name="android.intent.category.LAUNCHER" />
27-->src/main/AndroidManifest.xml:17:17-77
27-->src/main/AndroidManifest.xml:17:27-74
28            </intent-filter>
29        </activity>
30        <activity android:name="io.grpc.helloworldexample.LoginAndRegisterActivity" />
30-->src/main/AndroidManifest.xml:20:9-62
30-->src/main/AndroidManifest.xml:20:19-59
31    </application>
32
33</manifest>